<?xml version="1.0" encoding="UTF-8"?>
<!-- Generated by org.testng.reporters.JUnitReportReporter -->
<testsuite skipped="0" hostname="LAPTOP-IKGRIVOR" name="test.Calendar" tests="1" failures="0" timestamp="08 Jan 2021 12:26:01 GMT" time="66.892" errors="0">
  <testcase name="test" time="66.892" classname="test.Calendar"/>
</testsuite> <!-- test.Calendar -->
